<?xml version="1.0" encoding="UTF-8"?>
<!-- Generated by org.testng.reporters.JUnitReportReporter -->
<testsuite hostname="Marktine-R3" failures="0" tests="5" name="testCase.LoginTestCase" time="28.833" errors="0" timestamp="2024-02-15T19:58:51 IST" skipped="0">
  <testcase classname="testCase.LoginTestCase" name="verifyLogin" time="0.785"/>
  <system-out/>
  <testcase classname="testCase.LoginTestCase" name="verifyOrgProfile" time="11.590"/>
  <system-out/>
  <testcase classname="testCase.LoginTestCase" name="verifySalaryTab" time="8.213"/>
  <system-out/>
  <testcase classname="testCase.LoginTestCase" name="verifyFullPayDetails" time="8.121"/>
  <system-out/>
  <testcase classname="testCase.LoginTestCase" name="verifyJobtitleandNavigation" time="0.124"/>
  <system-out/>
</testsuite> <!-- testCase.LoginTestCase -->
