<?xml version="1.0" encoding="UTF-8"?>
<!-- Generated by org.testng.reporters.JUnitReportReporter -->
<testsuite hostname="Marktine-R3" failures="0" tests="1" name="testCases.LoginTest1" time="1.549" errors="0" timestamp="2024-02-16T06:06:39 IST" skipped="0">
  <testcase classname="testCases.LoginTest1" name="verify_Login" time="1.549"/>
  <system-out/>
</testsuite> <!-- testCases.LoginTest1 -->
