<?xml version="1.0" encoding="UTF-8"?>
<!-- Generated by org.testng.reporters.JUnitReportReporter -->
<testsuite hostname="Marktine-R3" failures="0" tests="5" name="testCases.LoginTestCase" time="28.707" errors="0" timestamp="2024-02-24T09:54:51 IST" skipped="0">
  <testcase classname="testCases.LoginTestCase" name="verifyLogin" time="0.725"/>
  <system-out/>
  <testcase classname="testCases.LoginTestCase" name="verifyOrgProfile" time="11.583"/>
  <system-out/>
  <testcase classname="testCases.LoginTestCase" name="verifySalaryTab" time="8.153"/>
  <system-out/>
  <testcase classname="testCases.LoginTestCase" name="verifyFullPayDetails" time="8.096"/>
  <system-out/>
  <testcase classname="testCases.LoginTestCase" name="verifyJobtitleandNavigation" time="0.150"/>
  <system-out/>
</testsuite> <!-- testCases.LoginTestCase -->
