<?xml version="1.0" encoding="UTF-8"?>
<!-- Generated by org.testng.reporters.JUnitReportReporter -->
<testsuite hostname="Marktine-R3" failures="0" tests="5" name="testCases.LoginTestCase" time="28.739" errors="0" timestamp="2024-02-21T19:08:11 IST" skipped="0">
  <testcase classname="testCases.LoginTestCase" name="verifyLogin" time="0.763"/>
  <system-out/>
  <testcase classname="testCases.LoginTestCase" name="verifyOrgProfile" time="11.537"/>
  <system-out/>
  <testcase classname="testCases.LoginTestCase" name="verifySalaryTab" time="8.169"/>
  <system-out/>
  <testcase classname="testCases.LoginTestCase" name="verifyFullPayDetails" time="8.100"/>
  <system-out/>
  <testcase classname="testCases.LoginTestCase" name="verifyJobtitleandNavigation" time="0.170"/>
  <system-out/>
</testsuite> <!-- testCases.LoginTestCase -->
